<?xml version="1.0" encoding="UTF-8"?>
<!-- Generated by org.testng.reporters.JUnitReportReporter -->
<testsuite hostname="DESKTOP-HV678ES" name="runner.TestRunner" tests="2" failures="0" timestamp="4 May 2019 12:36:35 GMT" time="117.495" errors="0">
  <testcase name="feature" time="0.184" classname="runner.TestRunner"/>
  <testcase name="feature" time="117.311" classname="runner.TestRunner"/>
</testsuite> <!-- runner.TestRunner -->
