<?xml version="1.0" encoding="UTF-8"?>
<!-- Generated by org.testng.reporters.JUnitReportReporter -->
<testsuite hostname="DESKTOP-HV678ES" name="runner.TestRunner" tests="1" failures="0" timestamp="24 Apr 2019 13:43:52 GMT" time="77.841" errors="0">
  <testcase name="feature" time="77.841" classname="runner.TestRunner"/>
</testsuite> <!-- runner.TestRunner -->
