<?xml version="1.0" encoding="UTF-8"?>
<!-- Generated by org.testng.reporters.JUnitReportReporter -->
<testsuite hostname="DESKTOP-HV678ES" name="runner.TestRunner" tests="1" failures="0" timestamp="21 Apr 2019 10:17:05 GMT" time="106.759" errors="0">
  <testcase name="feature" time="106.759" classname="runner.TestRunner"/>
</testsuite> <!-- runner.TestRunner -->
